<?xml version="1.0" encoding="UTF-8"?>
<!-- Generated by org.testng.reporters.JUnitReportReporter -->
<testsuite hostname="higorcarol" name="carrinhoDeCompra.ItemDoCarrinhoTeste" tests="1" failures="0" timestamp="9 Apr 2016 18:48:06 GMT" time="0.073" errors="0">
  <testcase name="deve_calcular_valor_total" time="0.073" classname="carrinhoDeCompra.ItemDoCarrinhoTeste"/>
</testsuite> <!-- carrinhoDeCompra.ItemDoCarrinhoTeste -->
