<?xml version="1.0" encoding="UTF-8"?>
<!-- Generated by org.testng.reporters.JUnitReportReporter -->
<testsuite hostname="higorcarol" name="produto.ProdutoTeste" tests="1" failures="0" timestamp="9 Apr 2016 18:46:10 GMT" time="0.012" errors="0">
  <testcase name="nao_deve_permitir_informar_valor_menor_que_zero" time="0.012" classname="produto.ProdutoTeste"/>
</testsuite> <!-- produto.ProdutoTeste -->
